<?xml version="1.0" encoding="UTF-8"?>
<testsuite xmlns:xsi="http://www.w3.org/2001/XMLSchema-instance" xsi:noNamespaceSchemaLocation="https://maven.apache.org/surefire/maven-surefire-plugin/xsd/surefire-test-report.xsd" name="com.cms.icici.AppTest" time="0.063" tests="1" errors="0" skipped="0" failures="0">
  <properties>
    <property name="sun.desktop" value="windows"/>
    <property name="awt.toolkit" value="sun.awt.windows.WToolkit"/>
    <property name="file.encoding.pkg" value="sun.io"/>
    <property name="java.specification.version" value="1.8"/>
    <property name="sun.cpu.isalist" value="amd64"/>
    <property name="sun.jnu.encoding" value="Cp1252"/>
    <property name="java.class.path" value="D:\Krishna\AWS\DeveloperTools\maven_project\helloworld\target\test-classes;D:\Krishna\AWS\DeveloperTools\maven_project\helloworld\target\classes;C:\Users\Administrator.DESKTOP-C9E863I\.m2\repository\junit\junit\4.11\junit-4.11.jar;C:\Users\Administrator.DESKTOP-C9E863I\.m2\repository\org\hamcrest\hamcrest-core\1.3\hamcrest-core-1.3.jar;"/>
    <property name="java.vm.vendor" value="Oracle Corporation"/>
    <property name="sun.arch.data.model" value="64"/>
    <property name="user.variant" value=""/>
    <property name="java.vendor.url" value="http://java.oracle.com/"/>
    <property name="user.timezone" value="Asia/Calcutta"/>
    <property name="java.vm.specification.version" value="1.8"/>
    <property name="os.name" value="Windows 10"/>
    <property name="user.country" value="US"/>
    <property name="sun.java.launcher" value="SUN_STANDARD"/>
    <property name="sun.boot.library.path" value="D:\Krishna\AWS\java8\Java\jdk1.8.0_201\jre\bin"/>
    <property name="sun.java.command" value="C:\Users\ADMINI~1.DES\AppData\Local\Temp\surefire339044270387967831\surefirebooter517107757438547560.jar C:\Users\Administrator.DESKTOP-C9E863I\AppData\Local\Temp\surefire339044270387967831 2019-05-05T18-31-57_928-jvmRun1 surefire892661089589501995tmp surefire_03527479629138160757tmp"/>
    <property name="surefire.test.class.path" value="D:\Krishna\AWS\DeveloperTools\maven_project\helloworld\target\test-classes;D:\Krishna\AWS\DeveloperTools\maven_project\helloworld\target\classes;C:\Users\Administrator.DESKTOP-C9E863I\.m2\repository\junit\junit\4.11\junit-4.11.jar;C:\Users\Administrator.DESKTOP-C9E863I\.m2\repository\org\hamcrest\hamcrest-core\1.3\hamcrest-core-1.3.jar;"/>
    <property name="sun.cpu.endian" value="little"/>
    <property name="user.home" value="C:\Users\Administrator.DESKTOP-C9E863I"/>
    <property name="user.language" value="en"/>
    <property name="java.specification.vendor" value="Oracle Corporation"/>
    <property name="java.home" value="D:\Krishna\AWS\java8\Java\jdk1.8.0_201\jre"/>
    <property name="basedir" value="D:\Krishna\AWS\DeveloperTools\maven_project\helloworld"/>
    <property name="file.separator" value="\"/>
    <property name="line.separator" value="&#10;"/>
    <property name="java.vm.specification.vendor" value="Oracle Corporation"/>
    <property name="java.specification.name" value="Java Platform API Specification"/>
    <property name="java.awt.graphicsenv" value="sun.awt.Win32GraphicsEnvironment"/>
    <property name="surefire.real.class.path" value="C:\Users\ADMINI~1.DES\AppData\Local\Temp\surefire339044270387967831\surefirebooter517107757438547560.jar"/>
    <property name="sun.boot.class.path" value="D:\Krishna\AWS\java8\Java\jdk1.8.0_201\jre\lib\resources.jar;D:\Krishna\AWS\java8\Java\jdk1.8.0_201\jre\lib\rt.jar;D:\Krishna\AWS\java8\Java\jdk1.8.0_201\jre\lib\sunrsasign.jar;D:\Krishna\AWS\java8\Java\jdk1.8.0_201\jre\lib\jsse.jar;D:\Krishna\AWS\java8\Java\jdk1.8.0_201\jre\lib\jce.jar;D:\Krishna\AWS\java8\Java\jdk1.8.0_201\jre\lib\charsets.jar;D:\Krishna\AWS\java8\Java\jdk1.8.0_201\jre\lib\jfr.jar;D:\Krishna\AWS\java8\Java\jdk1.8.0_201\jre\classes"/>
    <property name="user.script" value=""/>
    <property name="sun.management.compiler" value="HotSpot 64-Bit Tiered Compilers"/>
    <property name="java.runtime.version" value="1.8.0_201-b09"/>
    <property name="user.name" value="Administrator"/>
    <property name="path.separator" value=";"/>
    <property name="os.version" value="10.0"/>
    <property name="java.endorsed.dirs" value="D:\Krishna\AWS\java8\Java\jdk1.8.0_201\jre\lib\endorsed"/>
    <property name="java.runtime.name" value="Java(TM) SE Runtime Environment"/>
    <property name="file.encoding" value="Cp1252"/>
    <property name="java.vm.name" value="Java HotSpot(TM) 64-Bit Server VM"/>
    <property name="localRepository" value="C:\Users\Administrator.DESKTOP-C9E863I\.m2\repository"/>
    <property name="java.vendor.url.bug" value="http://bugreport.sun.com/bugreport/"/>
    <property name="java.io.tmpdir" value="C:\Users\ADMINI~1.DES\AppData\Local\Temp\"/>
    <property name="java.version" value="1.8.0_201"/>
    <property name="user.dir" value="D:\Krishna\AWS\DeveloperTools\maven_project\helloworld"/>
    <property name="os.arch" value="amd64"/>
    <property name="java.vm.specification.name" value="Java Virtual Machine Specification"/>
    <property name="java.awt.printerjob" value="sun.awt.windows.WPrinterJob"/>
    <property name="sun.os.patch.level" value=""/>
    <property name="java.library.path" value="D:\Krishna\AWS\java8\Java\jdk1.8.0_201\jre\bin;C:\Windows\Sun\Java\bin;C:\Windows\system32;C:\Windows;C:\Windows\System32;D:\Krishna\AWS\java8\Java\jdk1.8.0_201\bin;D:\Krishna\AWS\tomcat\apache-tomcat-8.5.39\lib\servlet-api.jar;D:\Krishna\Binaries\apache-maven-3.6.0-bin\apache-maven-3.6.0\bin;D:\Krishna\AWS\python\Python27\;D:\Krishna\AWS\python\Python27\Scripts;D:\Krishna\AWS\git_install_setup\Git\cmd;."/>
    <property name="java.vm.info" value="mixed mode"/>
    <property name="java.vendor" value="Oracle Corporation"/>
    <property name="java.vm.version" value="25.201-b09"/>
    <property name="java.ext.dirs" value="D:\Krishna\AWS\java8\Java\jdk1.8.0_201\jre\lib\ext;C:\Windows\Sun\Java\lib\ext"/>
    <property name="sun.io.unicode.encoding" value="UnicodeLittle"/>
    <property name="java.class.version" value="52.0"/>
  </properties>
  <testcase name="shouldAnswerWithTrue" classname="com.cms.icici.AppTest" time="0.003"/>
</testsuite>